<?xml version="1.0" encoding="UTF-8"?>
<testng-results skipped="0" failed="0" ignored="0" total="3" passed="3">
  <reporter-output>
  </reporter-output>
  <suite name="Default suite" duration-ms="93" started-at="2019-03-05T09:59:28Z" finished-at="2019-03-05T09:59:28Z">
    <groups>
      <group name="Car">
        <method signature="GroupingTestDemo.changeGear()[pri:0, instance:testNG.GroupingTestDemo@7ac7a4e4]" name="changeGear" class="testNG.GroupingTestDemo"/>
        <method signature="GroupingTestDemo.drive()[pri:0, instance:testNG.GroupingTestDemo@7ac7a4e4]" name="drive" class="testNG.GroupingTestDemo"/>
      </group> <!-- Car -->
    </groups>
    <test name="Default test" duration-ms="93" started-at="2019-03-05T09:59:28Z" finished-at="2019-03-05T09:59:28Z">
      <class name="testNG.GroupingTestDemo">
        <test-method status="PASS" signature="accelerate()[pri:0, instance:testNG.GroupingTestDemo@7ac7a4e4]" name="accelerate" duration-ms="24" started-at="2019-03-05T09:59:28Z" finished-at="2019-03-05T09:59:28Z">
          <reporter-output>
          </reporter-output>
        </test-method> <!-- accelerate -->
        <test-method status="PASS" signature="changeGear()[pri:0, instance:testNG.GroupingTestDemo@7ac7a4e4]" name="changeGear" duration-ms="3" started-at="2019-03-05T09:59:28Z" finished-at="2019-03-05T09:59:28Z">
          <reporter-output>
          </reporter-output>
        </test-method> <!-- changeGear -->
        <test-method status="PASS" signature="drive()[pri:0, instance:testNG.GroupingTestDemo@7ac7a4e4]" name="drive" duration-ms="2" started-at="2019-03-05T09:59:28Z" finished-at="2019-03-05T09:59:28Z">
          <reporter-output>
          </reporter-output>
        </test-method> <!-- drive -->
      </class> <!-- testNG.GroupingTestDemo -->
    </test> <!-- Default test -->
  </suite> <!-- Default suite -->
</testng-results>
