<?xml version="1.0" encoding="UTF-8"?>
<!-- Generated by org.testng.reporters.JUnitXMLReporter -->
<testsuite hostname="DESKTOP-TM9R5C9" ignored="0" name="Default test" tests="3" failures="0" timestamp="05 Mar 2019 09:59:29 GMT" time="0.093" errors="0">
  <testcase name="accelerate" time="0.024" classname="testNG.GroupingTestDemo"/>
  <testcase name="changeGear" time="0.003" classname="testNG.GroupingTestDemo"/>
  <testcase name="drive" time="0.002" classname="testNG.GroupingTestDemo"/>
</testsuite> <!-- Default test -->
